<?xml version="1.0" encoding="UTF-8"?>
<coverage generated="1698922241569" clover="3.2.0">
  <project timestamp="1698922241569" name="All files">
    <metrics statements="10" coveredstatements="10" conditionals="0" coveredconditionals="0" methods="7" coveredmethods="7" elements="17" coveredelements="17" complexity="0" loc="10" ncloc="10" packages="1" files="1" classes="1"/>
    <file name="shapes.js" path="C:\Users\tpkin\bootcamp\SVG-GEN\svg-logo-generator\src\assets\shapes.js">
      <metrics statements="10" coveredstatements="10" conditionals="0" coveredconditionals="0" methods="7" coveredmethods="7"/>
      <line num="3" count="3" type="stmt"/>
      <line num="4" count="3" type="stmt"/>
      <line num="5" count="3" type="stmt"/>
      <line num="12" count="1" type="stmt"/>
      <line num="18" count="1" type="stmt"/>
      <line num="30" count="1" type="stmt"/>
      <line num="36" count="1" type="stmt"/>
      <line num="48" count="1" type="stmt"/>
      <line num="54" count="1" type="stmt"/>
      <line num="63" count="1" type="stmt"/>
    </file>
  </project>
</coverage>
